2026-04-07 09:05:15,264 [INFO] Activator:176 - 


2026-04-07 09:05:15,268 [INFO] Activator:177 - !SESSION log4j initialized
2026-04-07 09:05:18,660 [INFO] LogOutputStream:77 - [STDOUT_REDIRECT] 
2026-04-07 09:13:29,852 [INFO] Activator:176 - 


2026-04-07 09:13:29,854 [INFO] Activator:177 - !SESSION log4j initialized
2026-04-07 09:13:33,219 [INFO] LogOutputStream:77 - [STDOUT_REDIRECT] 
2026-04-07 10:04:38,098 [INFO] LogOutputStream:77 - [STDOUT_REDIRECT] StartTraceHandler.execute(), success : Collect=true
2026-04-07 10:04:39,268 [INFO] LogOutputStream:77 - [STDOUT_REDIRECT] StartTraceHandler.execute(), success : Collect=false
2026-04-07 10:04:41,217 [INFO] LogOutputStream:77 - [STDOUT_REDIRECT] StartTraceHandler.execute(), success : Collect=true
2026-04-07 10:05:12,811 [INFO] LogOutputStream:77 - [STDOUT_REDIRECT] StartTraceHandler.execute(), success : Collect=false
2026-04-07 10:05:13,444 [INFO] LogOutputStream:77 - [STDOUT_REDIRECT] StartTraceHandler.execute(), success : Collect=true
2026-04-07 10:05:14,324 [INFO] LogOutputStream:77 - [STDOUT_REDIRECT] StartTraceHandler.execute(), success : Collect=false
2026-04-07 10:05:14,514 [INFO] LogOutputStream:77 - [STDOUT_REDIRECT] StartTraceHandler.execute(), success : Collect=true
2026-04-07 10:09:18,403 [INFO] LogOutputStream:77 - [STDOUT_REDIRECT] StartTraceHandler.execute(), success : Collect=false
2026-04-07 10:09:20,727 [INFO] LogOutputStream:77 - [STDOUT_REDIRECT] StartTraceHandler.execute(), success : Collect=true
2026-04-07 10:09:22,656 [INFO] LogOutputStream:77 - [STDOUT_REDIRECT] StartTraceHandler.execute(), success : Collect=false
2026-04-07 10:11:04,942 [INFO] LogOutputStream:77 - [STDOUT_REDIRECT] StartTraceHandler.execute(), success : Collect=true
2026-04-07 10:21:31,111 [INFO] Activator:176 - 


2026-04-07 10:21:31,114 [INFO] Activator:177 - !SESSION log4j initialized
2026-04-07 10:21:36,206 [INFO] LogOutputStream:77 - [STDOUT_REDIRECT] 
2026-04-07 15:37:05,375 [INFO] LogOutputStream:77 - [STDOUT_REDIRECT] StartTraceHandler.execute(), success : Collect=true
2026-04-07 15:39:58,019 [INFO] LogOutputStream:77 - [STDOUT_REDIRECT] StartTraceHandler.execute(), success : Collect=false
2026-04-07 15:40:00,280 [INFO] LogOutputStream:77 - [STDOUT_REDIRECT] StartTraceHandler.execute(), success : Collect=true
2026-04-07 15:40:03,763 [INFO] LogOutputStream:77 - [STDOUT_REDIRECT] StartTraceHandler.execute(), success : Collect=false
2026-04-07 15:41:07,299 [INFO] LogOutputStream:77 - [STDOUT_REDIRECT] StartTraceHandler.execute(), success : Collect=true
2026-04-07 15:42:28,749 [INFO] LogOutputStream:77 - [STDOUT_REDIRECT] StartTraceHandler.execute(), success : Collect=false
2026-04-07 15:42:30,547 [INFO] LogOutputStream:77 - [STDOUT_REDIRECT] StartTraceHandler.execute(), success : Collect=true
2026-04-07 15:42:33,176 [INFO] LogOutputStream:77 - [STDOUT_REDIRECT] StartTraceHandler.execute(), success : Collect=false
2026-04-07 16:35:24,147 [INFO] LogOutputStream:77 - [STDOUT_REDIRECT] StartTraceHandler.execute(), success : Collect=true
